<?xml version="1.0" encoding="UTF-8"?>
<testng-results ignored="0" total="1" passed="1" failed="0" skipped="0">
  <reporter-output>
  </reporter-output>
  <suite started-at="2022-11-18T21:43:51 EST" name="Default suite" finished-at="2022-11-18T21:44:19 EST" duration-ms="27912">
    <groups>
    </groups>
    <test started-at="2022-11-18T21:43:51 EST" name="Default test" finished-at="2022-11-18T21:44:19 EST" duration-ms="27912">
      <class name="AmazonWebpage.goAmazonSignUpPage">
        <test-method is-config="true" signature="goSignUpPage()[pri:0, instance:AmazonWebpage.goAmazonSignUpPage@2ed2d9cb]" started-at="2022-11-18T21:43:52 EST" name="goSignUpPage" finished-at="2022-11-18T21:44:15 EST" duration-ms="23178" status="PASS">
          <reporter-output>
          </reporter-output>
        </test-method> <!-- goSignUpPage -->
        <test-method signature="blankInfoNoSignIn()[pri:0, instance:AmazonWebpage.goAmazonSignUpPage@2ed2d9cb]" started-at="2022-11-18T21:44:15 EST" name="blankInfoNoSignIn" finished-at="2022-11-18T21:44:19 EST" duration-ms="3972" status="PASS">
          <reporter-output>
          </reporter-output>
        </test-method> <!-- blankInfoNoSignIn -->
        <test-method is-config="true" signature="closeBrowser()[pri:0, instance:AmazonWebpage.goAmazonSignUpPage@2ed2d9cb]" started-at="2022-11-18T21:44:19 EST" name="closeBrowser" finished-at="2022-11-18T21:44:19 EST" duration-ms="706" status="PASS">
          <reporter-output>
          </reporter-output>
        </test-method> <!-- closeBrowser -->
      </class> <!-- AmazonWebpage.goAmazonSignUpPage -->
    </test> <!-- Default test -->
  </suite> <!-- Default suite -->
</testng-results>
